<?xml version="1.0" encoding="UTF-8"?>
<!-- Generated by org.testng.reporters.JUnitXMLReporter -->
<testsuite ignored="0" hostname="Phuongs-MacBook-Pro.local" failures="0" tests="5" name="Default test" time="77.303" errors="0" timestamp="2024-03-03T18:27:06 AEDT">
  <testcase classname="testsuite.LoginTest" name="loginFailIncorrectBoth" time="8.609"/>
  <testcase classname="testsuite.LoginTest" name="loginFailIncorrectEmail" time="1.449"/>
  <testcase classname="testsuite.LoginTest" name="loginFailIncorrectPass" time="1.681"/>
  <testcase classname="testsuite.LoginTest" name="loginSucessfully" time="4.877"/>
  <testcase classname="testsuite.LoginTest" name="logout" time="6.665"/>
</testsuite> <!-- Default test -->
