<?xml version="1.0" encoding="UTF-8"?>
<testng-results ignored="0" total="5" passed="5" failed="0" skipped="0">
  <reporter-output>
  </reporter-output>
  <suite started-at="2024-03-03T18:25:49 AEDT" name="Default suite" finished-at="2024-03-03T18:27:06 AEDT" duration-ms="77303">
    <groups>
    </groups>
    <test started-at="2024-03-03T18:25:49 AEDT" name="Default test" finished-at="2024-03-03T18:27:06 AEDT" duration-ms="77303">
      <class name="testsuite.LoginTest">
        <test-method is-config="true" signature="openChrome()[pri:0, instance:testsuite.LoginTest@f736069]" started-at="2024-03-03T18:25:49 AEDT" name="openChrome" finished-at="2024-03-03T18:25:53 AEDT" duration-ms="4551" status="PASS">
          <reporter-output>
          </reporter-output>
        </test-method> <!-- openChrome -->
        <test-method signature="loginFailIncorrectBoth()[pri:0, instance:testsuite.LoginTest@f736069]" started-at="2024-03-03T18:25:53 AEDT" name="loginFailIncorrectBoth" finished-at="2024-03-03T18:26:02 AEDT" duration-ms="8609" status="PASS">
          <reporter-output>
          </reporter-output>
        </test-method> <!-- loginFailIncorrectBoth -->
        <test-method is-config="true" signature="openChrome()[pri:0, instance:testsuite.LoginTest@f736069]" started-at="2024-03-03T18:26:02 AEDT" name="openChrome" finished-at="2024-03-03T18:26:15 AEDT" duration-ms="12815" status="PASS">
          <reporter-output>
          </reporter-output>
        </test-method> <!-- openChrome -->
        <test-method signature="loginFailIncorrectEmail()[pri:0, instance:testsuite.LoginTest@f736069]" started-at="2024-03-03T18:26:15 AEDT" name="loginFailIncorrectEmail" finished-at="2024-03-03T18:26:16 AEDT" duration-ms="1449" status="PASS">
          <reporter-output>
          </reporter-output>
        </test-method> <!-- loginFailIncorrectEmail -->
        <test-method is-config="true" signature="openChrome()[pri:0, instance:testsuite.LoginTest@f736069]" started-at="2024-03-03T18:26:16 AEDT" name="openChrome" finished-at="2024-03-03T18:26:28 AEDT" duration-ms="12166" status="PASS">
          <reporter-output>
          </reporter-output>
        </test-method> <!-- openChrome -->
        <test-method signature="loginFailIncorrectPass()[pri:0, instance:testsuite.LoginTest@f736069]" started-at="2024-03-03T18:26:28 AEDT" name="loginFailIncorrectPass" finished-at="2024-03-03T18:26:30 AEDT" duration-ms="1681" status="PASS">
          <reporter-output>
          </reporter-output>
        </test-method> <!-- loginFailIncorrectPass -->
        <test-method is-config="true" signature="openChrome()[pri:0, instance:testsuite.LoginTest@f736069]" started-at="2024-03-03T18:26:30 AEDT" name="openChrome" finished-at="2024-03-03T18:26:47 AEDT" duration-ms="16624" status="PASS">
          <reporter-output>
          </reporter-output>
        </test-method> <!-- openChrome -->
        <test-method signature="loginSucessfully()[pri:0, instance:testsuite.LoginTest@f736069]" started-at="2024-03-03T18:26:47 AEDT" name="loginSucessfully" finished-at="2024-03-03T18:26:52 AEDT" duration-ms="4877" status="PASS">
          <reporter-output>
          </reporter-output>
        </test-method> <!-- loginSucessfully -->
        <test-method is-config="true" signature="openChrome()[pri:0, instance:testsuite.LoginTest@f736069]" started-at="2024-03-03T18:26:52 AEDT" name="openChrome" finished-at="2024-03-03T18:26:59 AEDT" duration-ms="7785" status="PASS">
          <reporter-output>
          </reporter-output>
        </test-method> <!-- openChrome -->
        <test-method signature="logout()[pri:0, instance:testsuite.LoginTest@f736069]" started-at="2024-03-03T18:26:59 AEDT" name="logout" finished-at="2024-03-03T18:27:06 AEDT" duration-ms="6665" status="PASS">
          <reporter-output>
          </reporter-output>
        </test-method> <!-- logout -->
      </class> <!-- testsuite.LoginTest -->
    </test> <!-- Default test -->
  </suite> <!-- Default suite -->
</testng-results>
